2012.12.20 15:05 B D:\Research\mseR-FinFish\mseR-FF_20Dec12\mseRhelp\init.r <-- SFU /HOME/kronlunda/RiskBasedMPs/mseR-FF_20Dec12/mseRhelp init.r
2012.12.20 15:05 B D:\Research\mseR-FinFish\mseR-FF_20Dec12\mseRhelp\mseRplotFuns_OLD.r <-- SFU /HOME/kronlunda/RiskBasedMPs/mseR-FF_20Dec12/mseRhelp mseRplotFuns_OLD.r
2012.12.20 15:05 B D:\Research\mseR-FinFish\mseR-FF_20Dec12\mseRhelp\mseRrefpt_funs.r <-- SFU /HOME/kronlunda/RiskBasedMPs/mseR-FF_20Dec12/mseRhelp mseRrefpt_funs.r
2012.12.20 15:05 B D:\Research\mseR-FinFish\mseR-FF_20Dec12\mseRhelp\mseRsurveyFuns.r <-- SFU /HOME/kronlunda/RiskBasedMPs/mseR-FF_20Dec12/mseRhelp mseRsurveyFuns.r
2012.12.20 15:05 B D:\Research\mseR-FinFish\mseR-FF_20Dec12\mseRhelp\survObj.rData <-- SFU /HOME/kronlunda/RiskBasedMPs/mseR-FF_20Dec12/mseRhelp survObj.rData
2012.12.20 15:05 B D:\Research\mseR-FinFish\mseR-FF_20Dec12\mseRhelp\testFile.r <-- SFU /HOME/kronlunda/RiskBasedMPs/mseR-FF_20Dec12/mseRhelp testFile.r
2012.12.20 15:06 B D:\Research\mseR-FinFish\mseR-FF_20Dec12\mseRhelp\TestFuns.r <-- SFU /HOME/kronlunda/RiskBasedMPs/mseR-FF_20Dec12/mseRhelp TestFuns.r
2013.01.25 14:51 B D:\Research\mseR-FinFish\mseR-FF_25Jan13\mseRhelp\mseR-FFabout.txt --> rem-main.rem.sfu.ca /HOME/kronlunda/RiskBasedMPs/mseR-FF_25Jan13/mseRhelp mseR-FFabout.txt
2013.01.25 14:51 B D:\Research\mseR-FinFish\mseR-FF_25Jan13\mseRhelp\mseR-Finfish.emf --> rem-main.rem.sfu.ca /HOME/kronlunda/RiskBasedMPs/mseR-FF_25Jan13/mseRhelp mseR-Finfish.emf
2013.01.25 14:51 B D:\Research\mseR-FinFish\mseR-FF_25Jan13\mseRhelp\mseR-Finfish.ppt --> rem-main.rem.sfu.ca /HOME/kronlunda/RiskBasedMPs/mseR-FF_25Jan13/mseRhelp mseR-Finfish.ppt
2013.01.25 14:51 B D:\Research\mseR-FinFish\mseR-FF_25Jan13\mseRhelp\testDoc.txt --> rem-main.rem.sfu.ca /HOME/kronlunda/RiskBasedMPs/mseR-FF_25Jan13/mseRhelp testDoc.txt
2013.01.25 14:52 B D:\Research\mseR-FinFish\mseR-FF_25Jan13\mseRhelp\testDoc.txt.r --> rem-main.rem.sfu.ca /HOME/kronlunda/RiskBasedMPs/mseR-FF_25Jan13/mseRhelp testDoc.txt.r
2013.01.25 14:52 B D:\Research\mseR-FinFish\mseR-FF_25Jan13\mseRhelp\TestFuns.r --> rem-main.rem.sfu.ca /HOME/kronlunda/RiskBasedMPs/mseR-FF_25Jan13/mseRhelp TestFuns.r
2013.01.28 06:48 B D:\Research\mseR-FinFish\mseR-FF_27Jan13_SPC\mseRhelp\WS_FTP.LOG <-- SFU /HOME/kronlunda/RiskBasedMPs/mseR-FF_27Jan13_SPC/mseRhelp WS_FTP.LOG
2013.02.12 19:57 B D:\Research\mseR-FinFish\mseR-FF_12Feb13\mseRhelp\mseR-FFabout.txt --> rem-main.rem.sfu.ca /HOME/kronlunda/RiskBasedMPs/mseR-FF_12Feb13/mseRhelp mseR-FFabout.txt
2013.02.12 19:57 B D:\Research\mseR-FinFish\mseR-FF_12Feb13\mseRhelp\mseR-Finfish.emf --> rem-main.rem.sfu.ca /HOME/kronlunda/RiskBasedMPs/mseR-FF_12Feb13/mseRhelp mseR-Finfish.emf
2013.02.12 19:57 B D:\Research\mseR-FinFish\mseR-FF_12Feb13\mseRhelp\mseR-Finfish.ppt --> rem-main.rem.sfu.ca /HOME/kronlunda/RiskBasedMPs/mseR-FF_12Feb13/mseRhelp mseR-Finfish.ppt
2013.02.12 19:57 B D:\Research\mseR-FinFish\mseR-FF_12Feb13\mseRhelp\testDoc.txt --> rem-main.rem.sfu.ca /HOME/kronlunda/RiskBasedMPs/mseR-FF_12Feb13/mseRhelp testDoc.txt
2013.02.12 19:57 B D:\Research\mseR-FinFish\mseR-FF_12Feb13\mseRhelp\testDoc.txt.r --> rem-main.rem.sfu.ca /HOME/kronlunda/RiskBasedMPs/mseR-FF_12Feb13/mseRhelp testDoc.txt.r
2013.02.12 19:57 B D:\Research\mseR-FinFish\mseR-FF_12Feb13\mseRhelp\TestFuns.r --> rem-main.rem.sfu.ca /HOME/kronlunda/RiskBasedMPs/mseR-FF_12Feb13/mseRhelp TestFuns.r
2013.03.19 11:21 B D:\Research\mseR-FinFish\mseR-FF_13Mar13\mseRhelp\WS_FTP.LOG <-- SFU /HOME/kronlunda/RiskBasedMPs/mseR-FF_13Mar13/mseRhelp WS_FTP.LOG
2013.03.21 09:10 B D:\Research\mseR-FinFish\mseR-FF_21Mar13\mseRhelp\mseR-FFabout.txt --> rem-main.rem.sfu.ca /HOME/kronlunda/RiskBasedMPs/mseR-FF_21Mar13/mseRhelp mseR-FFabout.txt
2013.03.21 09:10 B D:\Research\mseR-FinFish\mseR-FF_21Mar13\mseRhelp\mseR-Finfish.emf --> rem-main.rem.sfu.ca /HOME/kronlunda/RiskBasedMPs/mseR-FF_21Mar13/mseRhelp mseR-Finfish.emf
2013.03.21 09:10 B D:\Research\mseR-FinFish\mseR-FF_21Mar13\mseRhelp\mseR-Finfish.ppt --> rem-main.rem.sfu.ca /HOME/kronlunda/RiskBasedMPs/mseR-FF_21Mar13/mseRhelp mseR-Finfish.ppt
2013.03.21 09:10 B D:\Research\mseR-FinFish\mseR-FF_21Mar13\mseRhelp\testDoc.txt --> rem-main.rem.sfu.ca /HOME/kronlunda/RiskBasedMPs/mseR-FF_21Mar13/mseRhelp testDoc.txt
2013.03.21 09:10 B D:\Research\mseR-FinFish\mseR-FF_21Mar13\mseRhelp\testDoc.txt.r --> rem-main.rem.sfu.ca /HOME/kronlunda/RiskBasedMPs/mseR-FF_21Mar13/mseRhelp testDoc.txt.r
2013.03.21 09:11 B D:\Research\mseR-FinFish\mseR-FF_21Mar13\mseRhelp\TestFuns.r --> rem-main.rem.sfu.ca /HOME/kronlunda/RiskBasedMPs/mseR-FF_21Mar13/mseRhelp TestFuns.r
2013.03.22 13:50 B D:\Research\mseR-FinFish\mseR-FF_22Mar13-SPC\mseRhelp\WS_FTP.LOG <-- SFU /HOME/kronlunda/RiskBasedMPs/mseR-FF_22Mar13-SPC/mseRhelp WS_FTP.LOG
